../data/tweets/40318829_tweets.json	401
../data/tweets/15745139_tweets.json	401
../data/tweets/15724082_tweets.json	429
../data/tweets/137794015_tweets.json	429
../data/tweets/234906311_tweets.json	429
../data/tweets/48086014_tweets.json	429
../data/tweets/18909919_tweets.json	429
../data/tweets/18983793_tweets.json	429
../data/tweets/14270650_tweets.json	429
../data/tweets/17409240_tweets.json	429
../data/tweets/242892689_tweets.json	429
../data/tweets/30912937_tweets.json	429
../data/tweets/120176950_tweets.json	429
../data/tweets/15159913_tweets.json	429
../data/tweets/1058460818_tweets.json	429
../data/tweets/2253968388_tweets.json	429
../data/tweets/93069110_tweets.json	429
../data/tweets/40116885_tweets.json	429
../data/tweets/212262370_tweets.json	429
../data/tweets/153149305_tweets.json	429
../data/tweets/13067732_tweets.json	429
../data/tweets/18227519_tweets.json	429
../data/tweets/10691752_tweets.json	429
../data/tweets/97503010_tweets.json	429
../data/tweets/199325935_tweets.json	429
../data/tweets/16072058_tweets.json	429
../data/tweets/239561508_tweets.json	429
../data/tweets/1058345042_tweets.json	429
../data/tweets/133439172_tweets.json	429
../data/tweets/46002396_tweets.json	429
../data/tweets/993153006_tweets.json	429
../data/tweets/550401754_tweets.json	429
../data/tweets/16081831_tweets.json	429
../data/tweets/48115928_tweets.json	429
../data/tweets/389840566_tweets.json	429
../data/tweets/236479311_tweets.json	429
../data/tweets/244655353_tweets.json	429
../data/tweets/15724082_tweets.json	429
../data/tweets/137794015_tweets.json	429
../data/tweets/234906311_tweets.json	429
../data/tweets/48086014_tweets.json	429
../data/tweets/18909919_tweets.json	429
../data/tweets/18983793_tweets.json	429
../data/tweets/14270650_tweets.json	429
../data/tweets/15724082_tweets.json	429
../data/tweets/137794015_tweets.json	429
../data/tweets/234906311_tweets.json	429
../data/tweets/48086014_tweets.json	429
../data/tweets/18909919_tweets.json	429
